crates/canic-control-plane/src/ops/storage/template/chunked.rs:411:canic_core::perf!("publish_stage_validate_chunk");
crates/canic-control-plane/src/ops/storage/template/chunked.rs:414:canic_core::perf!("publish_stage_upsert_chunk");
crates/canic-control-plane/src/ops/storage/template/chunked.rs:443:canic_core::perf!("publish_store_validate_chunk");
crates/canic-control-plane/src/ops/storage/template/chunked.rs:455:canic_core::perf!("publish_store_project_capacity");
crates/canic-control-plane/src/ops/storage/template/chunked.rs:464:canic_core::perf!("publish_store_enforce_capacity");
crates/canic-control-plane/src/ops/storage/template/chunked.rs:467:canic_core::perf!("publish_store_upsert_chunk");
crates/canic-control-plane/src/storage/stable/template/chunked.rs:262:canic_core::perf!("chunk_store_insert");
crates/canic-control-plane/src/storage/stable/template/chunked.rs:271:canic_core::perf!("chunk_store_accounting");
crates/canic-control-plane/src/workflow/bootstrap/root.rs:226:canic_core::perf!("bootstrap_import_pool");
crates/canic-control-plane/src/workflow/bootstrap/root.rs:235:canic_core::perf!("bootstrap_create_canisters");
crates/canic-control-plane/src/workflow/bootstrap/root.rs:244:canic_core::perf!("bootstrap_rebuild_indexes");
crates/canic-control-plane/src/workflow/bootstrap/root.rs:248:canic_core::perf!("bootstrap_validate_state");
crates/canic-control-plane/src/workflow/bootstrap/root.rs:429:canic_core::perf!("bootstrap_ensure_wasm_store");
crates/canic-control-plane/src/workflow/bootstrap/root.rs:431:canic_core::perf!("bootstrap_publish_release_set");
crates/canic-control-plane/src/workflow/bootstrap/root.rs:733:canic_core::perf!("bootstrap_create_role");
crates/canic-control-plane/src/workflow/bootstrap/root.rs:741:canic_core::perf!("bootstrap_ensure_wasm_store");
crates/canic-control-plane/src/workflow/bootstrap/root.rs:751:canic_core::perf!("bootstrap_prune_store_catalog");
crates/canic-control-plane/src/workflow/bootstrap/root.rs:779:canic_core::perf!("bootstrap_create_wasm_store");
crates/canic-control-plane/src/workflow/bootstrap/root.rs:781:canic_core::perf!("bootstrap_sync_store_inventory");
crates/canic-control-plane/src/workflow/bootstrap/root.rs:788:canic_core::perf!("bootstrap_import_store_catalog");
crates/canic-control-plane/src/workflow/runtime/template/publication/release/chunks.rs:115:canic_core::perf!("publish_push_store_chunk");
crates/canic-control-plane/src/workflow/runtime/template/publication/release/promote.rs:69:canic_core::perf!("publish_promote_manifest");
crates/canic-control-plane/src/workflow/runtime/template/publication/release/target.rs:95:canic_core::perf!("publish_prepare_store");
crates/canic-core/src/workflow/placement/scaling/mod.rs:138:crate::perf!("observe_state");
crates/canic-core/src/workflow/placement/scaling/mod.rs:146:crate::perf!("plan_spawn");
crates/canic-core/src/workflow/placement/scaling/mod.rs:242:crate::perf!("create_canister");
crates/canic-core/src/workflow/placement/scaling/mod.rs:248:crate::perf!("register_worker");
crates/canic-core/src/workflow/placement/scaling/mod.rs:81:crate::perf!("observe_state");
crates/canic-core/src/workflow/placement/scaling/mod.rs:96:crate::perf!("plan_spawn");
crates/canic-core/src/workflow/placement/sharding/mod.rs:177:crate::perf!("load_active_shards");
crates/canic-core/src/workflow/placement/sharding/mod.rs:220:crate::perf!("collect_registry");
crates/canic-core/src/workflow/placement/sharding/mod.rs:235:crate::perf!("plan_assign");
crates/canic-core/src/workflow/placement/sharding/mod.rs:240:crate::perf!("already_assigned");
crates/canic-core/src/workflow/placement/sharding/mod.rs:264:crate::perf!("assign_existing");
crates/canic-core/src/workflow/placement/sharding/mod.rs:304:crate::perf!("allocate_shard");
crates/canic-core/src/workflow/placement/sharding/mod.rs:313:crate::perf!("assign_created");
crates/canic-core/src/workflow/placement/sharding/mod.rs:329:crate::perf!("create_blocked");
crates/canic-core/src/workflow/placement/sharding/mod.rs:405:crate::perf!("bootstrap_empty_active");
crates/canic-core/src/workflow/placement/sharding/mod.rs:414:crate::perf!("assign_bootstrap_created");
crates/canic-core/src/workflow/placement/sharding/mod.rs:439:crate::perf!("load_bootstrap_pool_entries");
crates/canic-core/src/workflow/placement/sharding/mod.rs:447:crate::perf!("select_bootstrap_slot");
crates/canic-core/src/workflow/placement/sharding/mod.rs:450:crate::perf!("allocate_bootstrap_shard");
crates/canic-core/src/workflow/rpc/request/handler/mod.rs:100:crate::perf!("extract_context");
crates/canic-core/src/workflow/rpc/request/handler/mod.rs:103:crate::perf!("map_request");
crates/canic-core/src/workflow/rpc/request/handler/mod.rs:106:crate::perf!("preflight");
crates/canic-core/src/workflow/rpc/request/handler/mod.rs:125:crate::perf!("execute_capability");
crates/canic-core/src/workflow/rpc/request/handler/mod.rs:137:crate::perf!("commit_replay");
crates/canic-core/src/workflow/rpc/request/handler/replay.rs:102:crate::perf!("duplicate_in_flight");
crates/canic-core/src/workflow/rpc/request/handler/replay.rs:115:crate::perf!("duplicate_conflict");
crates/canic-core/src/workflow/rpc/request/handler/replay.rs:128:crate::perf!("replay_expired");
crates/canic-core/src/workflow/rpc/request/handler/replay.rs:260:crate::perf!("commit_encode");
crates/canic-core/src/workflow/rpc/request/handler/replay.rs:284:crate::perf!("abort_replay");
crates/canic-core/src/workflow/rpc/request/handler/replay.rs:52:crate::perf!("prepare_replay_input");
crates/canic-core/src/workflow/rpc/request/handler/replay.rs:61:crate::perf!("evaluate_replay");
crates/canic-core/src/workflow/rpc/request/handler/replay.rs:81:crate::perf!("reserve_fresh");
crates/canic-core/src/workflow/rpc/request/handler/replay.rs:89:crate::perf!("decode_cached");
