crates/canic-control-plane/src/ops/storage/template/chunked.rs:416:canic_core::perf!("publish_stage_validate_chunk");
crates/canic-control-plane/src/ops/storage/template/chunked.rs:419:canic_core::perf!("publish_stage_upsert_chunk");
crates/canic-control-plane/src/ops/storage/template/chunked.rs:448:canic_core::perf!("publish_store_validate_chunk");
crates/canic-control-plane/src/ops/storage/template/chunked.rs:462:canic_core::perf!("publish_store_project_capacity");
crates/canic-control-plane/src/ops/storage/template/chunked.rs:471:canic_core::perf!("publish_store_enforce_capacity");
crates/canic-control-plane/src/ops/storage/template/chunked.rs:474:canic_core::perf!("publish_store_upsert_chunk");
crates/canic-control-plane/src/workflow/bootstrap/root.rs:150:canic_core::perf!("bootstrap_import_pool");
crates/canic-control-plane/src/workflow/bootstrap/root.rs:159:canic_core::perf!("bootstrap_create_canisters");
crates/canic-control-plane/src/workflow/bootstrap/root.rs:168:canic_core::perf!("bootstrap_rebuild_directories");
crates/canic-control-plane/src/workflow/bootstrap/root.rs:172:canic_core::perf!("bootstrap_validate_state");
crates/canic-control-plane/src/workflow/bootstrap/root.rs:331:canic_core::perf!("bootstrap_ensure_wasm_store");
crates/canic-control-plane/src/workflow/bootstrap/root.rs:333:canic_core::perf!("bootstrap_publish_release_set");
crates/canic-control-plane/src/workflow/bootstrap/root.rs:606:canic_core::perf!("bootstrap_create_role");
crates/canic-control-plane/src/workflow/bootstrap/root.rs:614:canic_core::perf!("bootstrap_ensure_wasm_store");
crates/canic-control-plane/src/workflow/bootstrap/root.rs:624:canic_core::perf!("bootstrap_prune_store_catalog");
crates/canic-control-plane/src/workflow/bootstrap/root.rs:646:canic_core::perf!("bootstrap_create_wasm_store");
crates/canic-control-plane/src/workflow/bootstrap/root.rs:648:canic_core::perf!("bootstrap_sync_store_inventory");
crates/canic-control-plane/src/workflow/bootstrap/root.rs:655:canic_core::perf!("bootstrap_import_store_catalog");
crates/canic-control-plane/src/workflow/runtime/template/publication.rs:1324:canic_core::perf!("publish_prepare_store");
crates/canic-control-plane/src/workflow/runtime/template/publication.rs:1353:canic_core::perf!("publish_push_store_chunk");
crates/canic-control-plane/src/workflow/runtime/template/publication.rs:1391:canic_core::perf!("publish_promote_manifest");
crates/canic-core/src/workflow/auth.rs:125:crate::perf!("issue_proof");
crates/canic-core/src/workflow/auth.rs:146:crate::perf!("push_signers");
crates/canic-core/src/workflow/auth.rs:158:crate::perf!("push_verifiers");
crates/canic-core/src/workflow/auth.rs:252:crate::perf!("prepare_call");
crates/canic-core/src/workflow/auth.rs:263:crate::perf!("execute_call");
crates/canic-core/src/workflow/auth.rs:274:crate::perf!("decode_response");
crates/canic-core/src/workflow/auth.rs:285:crate::perf!("finalize_result");
crates/canic-core/src/workflow/placement/scaling/mod.rs:36:crate::perf!("observe_state");
crates/canic-core/src/workflow/placement/scaling/mod.rs:44:crate::perf!("plan_spawn");
crates/canic-core/src/workflow/placement/scaling/mod.rs:64:crate::perf!("create_canister");
crates/canic-core/src/workflow/placement/scaling/mod.rs:69:crate::perf!("register_worker");
crates/canic-core/src/workflow/placement/scaling/mod.rs:80:crate::perf!("observe_state");
crates/canic-core/src/workflow/placement/scaling/mod.rs:82:crate::perf!("plan_spawn");
crates/canic-core/src/workflow/rpc/request/handler/mod.rs:108:crate::perf!("execute_capability");
crates/canic-core/src/workflow/rpc/request/handler/mod.rs:120:crate::perf!("commit_replay");
crates/canic-core/src/workflow/rpc/request/handler/mod.rs:83:crate::perf!("extract_context");
crates/canic-core/src/workflow/rpc/request/handler/mod.rs:88:crate::perf!("map_request");
crates/canic-core/src/workflow/rpc/request/handler/mod.rs:91:crate::perf!("preflight");
crates/canic-core/src/workflow/rpc/request/handler/replay.rs:162:crate::perf!("commit_encode");
crates/canic-core/src/workflow/rpc/request/handler/replay.rs:171:crate::perf!("abort_replay");
crates/canic-core/src/workflow/rpc/request/handler/replay.rs:48:crate::perf!("prepare_replay_input");
crates/canic-core/src/workflow/rpc/request/handler/replay.rs:53:crate::perf!("evaluate_replay");
crates/canic-core/src/workflow/rpc/request/handler/replay.rs:59:crate::perf!("reserve_fresh");
crates/canic-core/src/workflow/rpc/request/handler/replay.rs:67:crate::perf!("decode_cached");
crates/canic-core/src/workflow/rpc/request/handler/replay.rs:75:crate::perf!("duplicate_in_flight");
crates/canic-core/src/workflow/rpc/request/handler/replay.rs:83:crate::perf!("duplicate_conflict");
crates/canic-core/src/workflow/rpc/request/handler/replay.rs:91:crate::perf!("replay_expired");
crates/canic-sharding-runtime/src/workflow/mod.rs:123:canic_core::perf!("load_active_shards");
crates/canic-sharding-runtime/src/workflow/mod.rs:134:canic_core::perf!("bootstrap_empty_active");
crates/canic-sharding-runtime/src/workflow/mod.rs:160:canic_core::perf!("collect_registry");
crates/canic-sharding-runtime/src/workflow/mod.rs:174:canic_core::perf!("plan_assign");
crates/canic-sharding-runtime/src/workflow/mod.rs:178:canic_core::perf!("already_assigned");
crates/canic-sharding-runtime/src/workflow/mod.rs:194:canic_core::perf!("assign_existing");
crates/canic-sharding-runtime/src/workflow/mod.rs:216:canic_core::perf!("allocate_shard");
crates/canic-sharding-runtime/src/workflow/mod.rs:219:canic_core::perf!("assign_created");
crates/canic-sharding-runtime/src/workflow/mod.rs:231:canic_core::perf!("create_blocked");
