crates/canic-control-plane/src/ops/storage/template/chunked.rs:411:canic_core::perf!("publish_stage_validate_chunk");
crates/canic-control-plane/src/ops/storage/template/chunked.rs:414:canic_core::perf!("publish_stage_upsert_chunk");
crates/canic-control-plane/src/ops/storage/template/chunked.rs:443:canic_core::perf!("publish_store_validate_chunk");
crates/canic-control-plane/src/ops/storage/template/chunked.rs:455:canic_core::perf!("publish_store_project_capacity");
crates/canic-control-plane/src/ops/storage/template/chunked.rs:464:canic_core::perf!("publish_store_enforce_capacity");
crates/canic-control-plane/src/ops/storage/template/chunked.rs:467:canic_core::perf!("publish_store_upsert_chunk");
crates/canic-control-plane/src/storage/stable/template/chunked.rs:264:canic_core::perf!("chunk_store_insert");
crates/canic-control-plane/src/storage/stable/template/chunked.rs:273:canic_core::perf!("chunk_store_accounting");
crates/canic-control-plane/src/workflow/bootstrap/root.rs:225:canic_core::perf!("bootstrap_import_pool");
crates/canic-control-plane/src/workflow/bootstrap/root.rs:234:canic_core::perf!("bootstrap_create_canisters");
crates/canic-control-plane/src/workflow/bootstrap/root.rs:243:canic_core::perf!("bootstrap_rebuild_indexes");
crates/canic-control-plane/src/workflow/bootstrap/root.rs:247:canic_core::perf!("bootstrap_validate_state");
crates/canic-control-plane/src/workflow/bootstrap/root.rs:428:canic_core::perf!("bootstrap_ensure_wasm_store");
crates/canic-control-plane/src/workflow/bootstrap/root.rs:430:canic_core::perf!("bootstrap_publish_release_set");
crates/canic-control-plane/src/workflow/bootstrap/root.rs:733:canic_core::perf!("bootstrap_create_role");
crates/canic-control-plane/src/workflow/bootstrap/root.rs:741:canic_core::perf!("bootstrap_ensure_wasm_store");
crates/canic-control-plane/src/workflow/bootstrap/root.rs:751:canic_core::perf!("bootstrap_prune_store_catalog");
crates/canic-control-plane/src/workflow/bootstrap/root.rs:780:canic_core::perf!("bootstrap_create_wasm_store");
crates/canic-control-plane/src/workflow/bootstrap/root.rs:782:canic_core::perf!("bootstrap_sync_store_inventory");
crates/canic-control-plane/src/workflow/bootstrap/root.rs:789:canic_core::perf!("bootstrap_import_store_catalog");
crates/canic-control-plane/src/workflow/runtime/template/publication/release/chunks.rs:111:canic_core::perf!("publish_push_store_chunk");
crates/canic-control-plane/src/workflow/runtime/template/publication/release/promote.rs:70:canic_core::perf!("publish_promote_manifest");
crates/canic-control-plane/src/workflow/runtime/template/publication/release/target.rs:92:canic_core::perf!("publish_prepare_store");
crates/canic-core/src/workflow/placement/scaling/mod.rs:137:crate::perf!("observe_state");
crates/canic-core/src/workflow/placement/scaling/mod.rs:145:crate::perf!("plan_spawn");
crates/canic-core/src/workflow/placement/scaling/mod.rs:241:crate::perf!("create_canister");
crates/canic-core/src/workflow/placement/scaling/mod.rs:247:crate::perf!("register_worker");
crates/canic-core/src/workflow/placement/scaling/mod.rs:80:crate::perf!("observe_state");
crates/canic-core/src/workflow/placement/scaling/mod.rs:95:crate::perf!("plan_spawn");
crates/canic-core/src/workflow/placement/sharding/assignment.rs:112:crate::perf!("collect_registry");
crates/canic-core/src/workflow/placement/sharding/assignment.rs:127:crate::perf!("plan_assign");
crates/canic-core/src/workflow/placement/sharding/assignment.rs:132:crate::perf!("already_assigned");
crates/canic-core/src/workflow/placement/sharding/assignment.rs:156:crate::perf!("assign_existing");
crates/canic-core/src/workflow/placement/sharding/assignment.rs:196:crate::perf!("allocate_shard");
crates/canic-core/src/workflow/placement/sharding/assignment.rs:205:crate::perf!("assign_created");
crates/canic-core/src/workflow/placement/sharding/assignment.rs:221:crate::perf!("create_blocked");
crates/canic-core/src/workflow/placement/sharding/assignment.rs:69:crate::perf!("load_active_shards");
crates/canic-core/src/workflow/placement/sharding/bootstrap.rs:116:crate::perf!("load_bootstrap_pool_entries");
crates/canic-core/src/workflow/placement/sharding/bootstrap.rs:124:crate::perf!("select_bootstrap_slot");
crates/canic-core/src/workflow/placement/sharding/bootstrap.rs:127:crate::perf!("allocate_bootstrap_shard");
crates/canic-core/src/workflow/placement/sharding/bootstrap.rs:82:crate::perf!("bootstrap_empty_active");
crates/canic-core/src/workflow/placement/sharding/bootstrap.rs:91:crate::perf!("assign_bootstrap_created");
crates/canic-core/src/workflow/rpc/request/handler/mod.rs:119:crate::perf!("extract_context");
crates/canic-core/src/workflow/rpc/request/handler/mod.rs:122:crate::perf!("map_request");
crates/canic-core/src/workflow/rpc/request/handler/mod.rs:125:crate::perf!("preflight");
crates/canic-core/src/workflow/rpc/request/handler/mod.rs:149:crate::perf!("execute_capability");
crates/canic-core/src/workflow/rpc/request/handler/mod.rs:165:crate::perf!("commit_replay");
crates/canic-core/src/workflow/rpc/request/handler/replay.rs:105:crate::perf!("evaluate_existing_replay");
crates/canic-core/src/workflow/rpc/request/handler/replay.rs:122:crate::perf!("prepare_replay_input");
crates/canic-core/src/workflow/rpc/request/handler/replay.rs:132:crate::perf!("evaluate_replay");
crates/canic-core/src/workflow/rpc/request/handler/replay.rs:144:crate::perf!("decode_cached");
crates/canic-core/src/workflow/rpc/request/handler/replay.rs:157:crate::perf!("duplicate_in_flight");
crates/canic-core/src/workflow/rpc/request/handler/replay.rs:170:crate::perf!("duplicate_conflict");
crates/canic-core/src/workflow/rpc/request/handler/replay.rs:183:crate::perf!("replay_expired");
crates/canic-core/src/workflow/rpc/request/handler/replay.rs:326:crate::perf!("commit_encode");
crates/canic-core/src/workflow/rpc/request/handler/replay.rs:350:crate::perf!("abort_replay");
crates/canic-core/src/workflow/rpc/request/handler/replay.rs:71:crate::perf!("reserve_fresh");
