crates/canic-control-plane/src/ops/storage/template/chunked.rs:413:canic_core::perf!("publish_stage_validate_chunk");
crates/canic-control-plane/src/ops/storage/template/chunked.rs:416:canic_core::perf!("publish_stage_upsert_chunk");
crates/canic-control-plane/src/ops/storage/template/chunked.rs:445:canic_core::perf!("publish_store_validate_chunk");
crates/canic-control-plane/src/ops/storage/template/chunked.rs:457:canic_core::perf!("publish_store_project_capacity");
crates/canic-control-plane/src/ops/storage/template/chunked.rs:466:canic_core::perf!("publish_store_enforce_capacity");
crates/canic-control-plane/src/ops/storage/template/chunked.rs:469:canic_core::perf!("publish_store_upsert_chunk");
crates/canic-control-plane/src/storage/stable/template/chunked.rs:262:canic_core::perf!("chunk_store_insert");
crates/canic-control-plane/src/storage/stable/template/chunked.rs:271:canic_core::perf!("chunk_store_accounting");
crates/canic-control-plane/src/workflow/bootstrap/root.rs:150:canic_core::perf!("bootstrap_import_pool");
crates/canic-control-plane/src/workflow/bootstrap/root.rs:159:canic_core::perf!("bootstrap_create_canisters");
crates/canic-control-plane/src/workflow/bootstrap/root.rs:168:canic_core::perf!("bootstrap_rebuild_directories");
crates/canic-control-plane/src/workflow/bootstrap/root.rs:172:canic_core::perf!("bootstrap_validate_state");
crates/canic-control-plane/src/workflow/bootstrap/root.rs:331:canic_core::perf!("bootstrap_ensure_wasm_store");
crates/canic-control-plane/src/workflow/bootstrap/root.rs:333:canic_core::perf!("bootstrap_publish_release_set");
crates/canic-control-plane/src/workflow/bootstrap/root.rs:606:canic_core::perf!("bootstrap_create_role");
crates/canic-control-plane/src/workflow/bootstrap/root.rs:614:canic_core::perf!("bootstrap_ensure_wasm_store");
crates/canic-control-plane/src/workflow/bootstrap/root.rs:624:canic_core::perf!("bootstrap_prune_store_catalog");
crates/canic-control-plane/src/workflow/bootstrap/root.rs:646:canic_core::perf!("bootstrap_create_wasm_store");
crates/canic-control-plane/src/workflow/bootstrap/root.rs:648:canic_core::perf!("bootstrap_sync_store_inventory");
crates/canic-control-plane/src/workflow/bootstrap/root.rs:655:canic_core::perf!("bootstrap_import_store_catalog");
crates/canic-control-plane/src/workflow/runtime/template/publication.rs:1333:canic_core::perf!("publish_prepare_store");
crates/canic-control-plane/src/workflow/runtime/template/publication.rs:1362:canic_core::perf!("publish_push_store_chunk");
crates/canic-control-plane/src/workflow/runtime/template/publication.rs:1400:canic_core::perf!("publish_promote_manifest");
crates/canic-core/src/ops/auth/delegation.rs:28:crate::perf!("hash_cert");
crates/canic-core/src/ops/auth/delegation.rs:30:crate::perf!("sign_cert");
crates/canic-core/src/workflow/auth.rs:143:crate::perf!("encode_install_request");
crates/canic-core/src/workflow/auth.rs:144:crate::perf!("issue_proof");
crates/canic-core/src/workflow/auth.rs:166:crate::perf!("push_signers");
crates/canic-core/src/workflow/auth.rs:179:crate::perf!("push_verifiers");
crates/canic-core/src/workflow/auth.rs:248:crate::perf!("encode_install_request");
crates/canic-core/src/workflow/auth.rs:296:crate::perf!("prepare_call");
crates/canic-core/src/workflow/auth.rs:307:crate::perf!("execute_call");
crates/canic-core/src/workflow/auth.rs:318:crate::perf!("decode_response");
crates/canic-core/src/workflow/auth.rs:329:crate::perf!("finalize_result");
crates/canic-core/src/workflow/placement/scaling/mod.rs:36:crate::perf!("observe_state");
crates/canic-core/src/workflow/placement/scaling/mod.rs:44:crate::perf!("plan_spawn");
crates/canic-core/src/workflow/placement/scaling/mod.rs:64:crate::perf!("create_canister");
crates/canic-core/src/workflow/placement/scaling/mod.rs:69:crate::perf!("register_worker");
crates/canic-core/src/workflow/placement/scaling/mod.rs:80:crate::perf!("observe_state");
crates/canic-core/src/workflow/placement/scaling/mod.rs:82:crate::perf!("plan_spawn");
crates/canic-core/src/workflow/placement/sharding/mod.rs:118:crate::perf!("load_active_shards");
crates/canic-core/src/workflow/placement/sharding/mod.rs:151:crate::perf!("collect_registry");
crates/canic-core/src/workflow/placement/sharding/mod.rs:165:crate::perf!("plan_assign");
crates/canic-core/src/workflow/placement/sharding/mod.rs:169:crate::perf!("already_assigned");
crates/canic-core/src/workflow/placement/sharding/mod.rs:185:crate::perf!("assign_existing");
crates/canic-core/src/workflow/placement/sharding/mod.rs:207:crate::perf!("allocate_shard");
crates/canic-core/src/workflow/placement/sharding/mod.rs:210:crate::perf!("assign_created");
crates/canic-core/src/workflow/placement/sharding/mod.rs:222:crate::perf!("create_blocked");
crates/canic-core/src/workflow/placement/sharding/mod.rs:285:crate::perf!("bootstrap_empty_active");
crates/canic-core/src/workflow/placement/sharding/mod.rs:288:crate::perf!("assign_bootstrap_created");
crates/canic-core/src/workflow/placement/sharding/mod.rs:309:crate::perf!("load_bootstrap_pool_entries");
crates/canic-core/src/workflow/placement/sharding/mod.rs:317:crate::perf!("select_bootstrap_slot");
crates/canic-core/src/workflow/placement/sharding/mod.rs:320:crate::perf!("allocate_bootstrap_shard");
crates/canic-core/src/workflow/rpc/request/handler/capability.rs:153:crate::perf!("hash_replay_delegation_cert");
crates/canic-core/src/workflow/rpc/request/handler/capability.rs:156:crate::perf!("hash_replay_delegation_targets");
crates/canic-core/src/workflow/rpc/request/handler/execute.rs:157:crate::perf!("cache_root_verifier_keys");
crates/canic-core/src/workflow/rpc/request/handler/execute.rs:165:crate::perf!("cache_root_verifier_upsert");
crates/canic-core/src/workflow/rpc/request/handler/execute.rs:184:crate::perf!("cache_root_verifier_metrics");
crates/canic-core/src/workflow/rpc/request/handler/mod.rs:100:crate::perf!("extract_context");
crates/canic-core/src/workflow/rpc/request/handler/mod.rs:103:crate::perf!("map_request");
crates/canic-core/src/workflow/rpc/request/handler/mod.rs:106:crate::perf!("preflight");
crates/canic-core/src/workflow/rpc/request/handler/mod.rs:125:crate::perf!("execute_capability");
crates/canic-core/src/workflow/rpc/request/handler/mod.rs:137:crate::perf!("commit_replay");
crates/canic-core/src/workflow/rpc/request/handler/replay.rs:173:crate::perf!("commit_encode");
crates/canic-core/src/workflow/rpc/request/handler/replay.rs:182:crate::perf!("abort_replay");
crates/canic-core/src/workflow/rpc/request/handler/replay.rs:44:crate::perf!("prepare_replay_input");
crates/canic-core/src/workflow/rpc/request/handler/replay.rs:53:crate::perf!("evaluate_replay");
crates/canic-core/src/workflow/rpc/request/handler/replay.rs:59:crate::perf!("reserve_fresh");
crates/canic-core/src/workflow/rpc/request/handler/replay.rs:67:crate::perf!("decode_cached");
crates/canic-core/src/workflow/rpc/request/handler/replay.rs:75:crate::perf!("duplicate_in_flight");
crates/canic-core/src/workflow/rpc/request/handler/replay.rs:83:crate::perf!("duplicate_conflict");
crates/canic-core/src/workflow/rpc/request/handler/replay.rs:91:crate::perf!("replay_expired");
