crates/canic-control-plane/src/ops/storage/template/chunked.rs:413:canic_core::perf!("publish_stage_validate_chunk");
crates/canic-control-plane/src/ops/storage/template/chunked.rs:416:canic_core::perf!("publish_stage_upsert_chunk");
crates/canic-control-plane/src/ops/storage/template/chunked.rs:445:canic_core::perf!("publish_store_validate_chunk");
crates/canic-control-plane/src/ops/storage/template/chunked.rs:457:canic_core::perf!("publish_store_project_capacity");
crates/canic-control-plane/src/ops/storage/template/chunked.rs:466:canic_core::perf!("publish_store_enforce_capacity");
crates/canic-control-plane/src/ops/storage/template/chunked.rs:469:canic_core::perf!("publish_store_upsert_chunk");
crates/canic-control-plane/src/storage/stable/template/chunked.rs:256:canic_core::perf!("chunk_store_insert");
crates/canic-control-plane/src/storage/stable/template/chunked.rs:266:canic_core::perf!("chunk_store_accounting");
crates/canic-control-plane/src/storage/stable/template/chunked.rs:280:canic_core::perf!("chunk_store_insert");
crates/canic-control-plane/src/storage/stable/template/chunked.rs:287:canic_core::perf!("chunk_store_accounting");
crates/canic-control-plane/src/workflow/bootstrap/root.rs:150:canic_core::perf!("bootstrap_import_pool");
crates/canic-control-plane/src/workflow/bootstrap/root.rs:159:canic_core::perf!("bootstrap_create_canisters");
crates/canic-control-plane/src/workflow/bootstrap/root.rs:168:canic_core::perf!("bootstrap_rebuild_directories");
crates/canic-control-plane/src/workflow/bootstrap/root.rs:172:canic_core::perf!("bootstrap_validate_state");
crates/canic-control-plane/src/workflow/bootstrap/root.rs:331:canic_core::perf!("bootstrap_ensure_wasm_store");
crates/canic-control-plane/src/workflow/bootstrap/root.rs:333:canic_core::perf!("bootstrap_publish_release_set");
crates/canic-control-plane/src/workflow/bootstrap/root.rs:606:canic_core::perf!("bootstrap_create_role");
crates/canic-control-plane/src/workflow/bootstrap/root.rs:614:canic_core::perf!("bootstrap_ensure_wasm_store");
crates/canic-control-plane/src/workflow/bootstrap/root.rs:624:canic_core::perf!("bootstrap_prune_store_catalog");
crates/canic-control-plane/src/workflow/bootstrap/root.rs:646:canic_core::perf!("bootstrap_create_wasm_store");
crates/canic-control-plane/src/workflow/bootstrap/root.rs:648:canic_core::perf!("bootstrap_sync_store_inventory");
crates/canic-control-plane/src/workflow/bootstrap/root.rs:655:canic_core::perf!("bootstrap_import_store_catalog");
crates/canic-control-plane/src/workflow/runtime/template/publication.rs:1324:canic_core::perf!("publish_prepare_store");
crates/canic-control-plane/src/workflow/runtime/template/publication.rs:1353:canic_core::perf!("publish_push_store_chunk");
crates/canic-control-plane/src/workflow/runtime/template/publication.rs:1391:canic_core::perf!("publish_promote_manifest");
crates/canic-core/src/workflow/auth.rs:131:crate::perf!("issue_proof");
crates/canic-core/src/workflow/auth.rs:153:crate::perf!("push_signers");
crates/canic-core/src/workflow/auth.rs:166:crate::perf!("push_verifiers");
crates/canic-core/src/workflow/auth.rs:277:crate::perf!("prepare_call");
crates/canic-core/src/workflow/auth.rs:288:crate::perf!("execute_call");
crates/canic-core/src/workflow/auth.rs:299:crate::perf!("decode_response");
crates/canic-core/src/workflow/auth.rs:310:crate::perf!("finalize_result");
crates/canic-core/src/workflow/placement/scaling/mod.rs:36:crate::perf!("observe_state");
crates/canic-core/src/workflow/placement/scaling/mod.rs:44:crate::perf!("plan_spawn");
crates/canic-core/src/workflow/placement/scaling/mod.rs:64:crate::perf!("create_canister");
crates/canic-core/src/workflow/placement/scaling/mod.rs:69:crate::perf!("register_worker");
crates/canic-core/src/workflow/placement/scaling/mod.rs:80:crate::perf!("observe_state");
crates/canic-core/src/workflow/placement/scaling/mod.rs:82:crate::perf!("plan_spawn");
crates/canic-core/src/workflow/placement/sharding/mod.rs:118:crate::perf!("load_active_shards");
crates/canic-core/src/workflow/placement/sharding/mod.rs:153:crate::perf!("collect_registry");
crates/canic-core/src/workflow/placement/sharding/mod.rs:167:crate::perf!("plan_assign");
crates/canic-core/src/workflow/placement/sharding/mod.rs:171:crate::perf!("already_assigned");
crates/canic-core/src/workflow/placement/sharding/mod.rs:187:crate::perf!("assign_existing");
crates/canic-core/src/workflow/placement/sharding/mod.rs:209:crate::perf!("allocate_shard");
crates/canic-core/src/workflow/placement/sharding/mod.rs:212:crate::perf!("assign_created");
crates/canic-core/src/workflow/placement/sharding/mod.rs:224:crate::perf!("create_blocked");
crates/canic-core/src/workflow/placement/sharding/mod.rs:289:crate::perf!("bootstrap_empty_active");
crates/canic-core/src/workflow/placement/sharding/mod.rs:292:crate::perf!("assign_bootstrap_created");
crates/canic-core/src/workflow/rpc/request/handler/execute.rs:150:crate::perf!("cache_root_verifier_keys");
crates/canic-core/src/workflow/rpc/request/handler/execute.rs:156:crate::perf!("cache_root_verifier_proof");
crates/canic-core/src/workflow/rpc/request/handler/mod.rs:100:crate::perf!("map_request");
crates/canic-core/src/workflow/rpc/request/handler/mod.rs:103:crate::perf!("preflight");
crates/canic-core/src/workflow/rpc/request/handler/mod.rs:122:crate::perf!("execute_capability");
crates/canic-core/src/workflow/rpc/request/handler/mod.rs:134:crate::perf!("commit_replay");
crates/canic-core/src/workflow/rpc/request/handler/mod.rs:95:crate::perf!("extract_context");
crates/canic-core/src/workflow/rpc/request/handler/replay.rs:172:crate::perf!("commit_encode");
crates/canic-core/src/workflow/rpc/request/handler/replay.rs:181:crate::perf!("abort_replay");
crates/canic-core/src/workflow/rpc/request/handler/replay.rs:47:crate::perf!("prepare_replay_input");
crates/canic-core/src/workflow/rpc/request/handler/replay.rs:52:crate::perf!("evaluate_replay");
crates/canic-core/src/workflow/rpc/request/handler/replay.rs:58:crate::perf!("reserve_fresh");
crates/canic-core/src/workflow/rpc/request/handler/replay.rs:66:crate::perf!("decode_cached");
crates/canic-core/src/workflow/rpc/request/handler/replay.rs:74:crate::perf!("duplicate_in_flight");
crates/canic-core/src/workflow/rpc/request/handler/replay.rs:82:crate::perf!("duplicate_conflict");
crates/canic-core/src/workflow/rpc/request/handler/replay.rs:90:crate::perf!("replay_expired");
